[ 2015-12-24T22:53:33+08:00 ] ::1 /thinkphp3.2.3/images/middle___________.png
INFO: [ app_init ] --START--
INFO: Run Behavior\BuildLiteBehavior [ RunTime:0.000055s ]
INFO: [ app_init ] --END-- [ RunTime:0.000871s ]
ERR: 无法加载模块:Images

[ 2015-12-24T22:53:33+08:00 ] ::1 /thinkphp3.2.3/images/large________.png
INFO: [ app_init ] --START--
INFO: Run Behavior\BuildLiteBehavior [ RunTime:0.000045s ]
INFO: [ app_init ] --END-- [ RunTime:0.000798s ]
ERR: 无法加载模块:Images

 无法加载模块:Public

[ 2015-12-24T22:58:19+08:00 ] ::1 /ThinkPHP3.2.3/images/middle___________.png
INFO: [ app_init ] --START--
INFO: Run Behavior\BuildLiteBehavior [ RunTime:0.000058s ]
INFO: [ app_init ] --END-- [ RunTime:0.000814s ]
ERR: 无法加载模块:Images

[ 2015-12-24T22:58:19+08:00 ] ::1 /ThinkPHP3.2.3/images/large________.png
INFO: [ app_init ] --START--
INFO: Run Behavior\BuildLiteBehavior [ RunTime:0.000034s ]
INFO: [ app_init ] --END-- [ RunTime:0.000606s ]
ERR: 无法加载模块:Images

[ 2015-12-24T22:58:19+08:00 ] ::1 /ThinkPHP3.2.3/Public/images/large_30__________/ThinkPHP3.2.3____.png
INFO: [ app_init ] --START--
INFO: Run Behavior\BuildLiteBehavior [ RunTime:0.000057s ]
INFO: [ app_init ] --END-- [ RunTime:0.001398s ]
ERR: 无法加载模块:Public

[ 2015-12-24T22:58:20+08:00 ] ::1 /ThinkPHP3.2.3/images/middle___________.png
INFO: [ app_init ] --START--
INFO: Run Behavior\BuildLiteBehavior [ RunTime:0.000036s ]
INFO: [ app_init ] --END-- [ RunTime:0.000611s ]
ERR: 无法加载模块:Images

[ 2015-12-24T22:58:20+08:00 ] ::1 /ThinkPHP3.2.3/images/large________.png
INFO: [ app_init ] --START--
INFO: Run Behavior\BuildLiteBehavior [ RunTime:0.000056s ]
INFO: [ app_init ] --END-- [ RunTime:0.000807s ]
ERR: 无法加载模块:Images

[ 2015-12-24T22:58:20+08:00 ] ::1 /ThinkPHP3.2.3/Public/images/large_30__________/ThinkPHP3.2.3____.png
INFO: [ app_init ] --START--
INFO: Run Behavior\BuildLiteBehavior [ RunTime:0.000050s ]
INFO: [ app_init ] --END-- [ RunTime:0.000642s ]
ERR: 无法加载模块:Public

