[ 2015-12-24T22:53:53+08:00 ] ::1 /thinkphp3.2.3/admin
INFO: [ app_init ] --START--
INFO: Run Behavior\BuildLiteBehavior [ RunTime:0.000054s ]
INFO: [ app_init ] --END-- [ RunTime:0.000653s ]

[ 2015-12-24T22:58:38+08:00 ] ::1 /ThinkPHP3.2.3/Admin/
INFO: [ app_init ] --START--
INFO: Run Behavior\BuildLiteBehavior [ RunTime:0.000089s ]
INFO: [ app_init ] --END-- [ RunTime:0.000926s ]

[ 2015-12-24T22:58:39+08:00 ] ::1 /ThinkPHP3.2.3/Admin/assets/i/favicon.png
INFO: [ app_init ] --START--
INFO: Run Behavior\BuildLiteBehavior [ RunTime:0.000035s ]
INFO: [ app_init ] --END-- [ RunTime:0.000558s ]

[ 2015-12-24T22:58:40+08:00 ] ::1 /ThinkPHP3.2.3/Admin/assets/i/favicon.png
INFO: [ app_init ] --START--
INFO: Run Behavior\BuildLiteBehavior [ RunTime:0.000042s ]
INFO: [ app_init ] --END-- [ RunTime:0.000515s ]

[ 2015-12-24T22:59:11+08:00 ] ::1 /ThinkPHP3.2.3/Admin/
INFO: [ app_init ] --START--
INFO: Run Behavior\BuildLiteBehavior [ RunTime:0.000039s ]
INFO: [ app_init ] --END-- [ RunTime:0.000553s ]

